  CustomDebugDrawComponent.cpp
D:\3DGraphicsProgrammFall2022\Framework\Graphics\Inc\AnimationUtil.h(3,10): warning C4067: unexpected tokens following preprocessor directive - expected a newline
  (compiling source file 'CustomDebugDrawComponent.cpp')
  
D:\3DGraphicsProgrammFall2022\External\Bullet\BulletSoftBody\btSoftBody.h(38,50): warning C4305: 'initializing': truncation from 'double' to 'btScalar'
  (compiling source file 'CustomDebugDrawComponent.cpp')
  
D:\3DGraphicsProgrammFall2022\External\Bullet\BulletSoftBody\btSoftBody.h(1232,17): warning C4244: 'initializing': conversion from 'double' to 'btScalar', possible loss of data
  (compiling source file 'CustomDebugDrawComponent.cpp')
  
D:\3DGraphicsProgrammFall2022\External\Bullet\BulletSoftBody\btSoftBody.h(1357,21): warning C4244: '+=': conversion from 'double' to 'btScalar', possible loss of data
  (compiling source file 'CustomDebugDrawComponent.cpp')
  
D:\3DGraphicsProgrammFall2022\External\Bullet\BulletSoftBody\btSoftBody.h(1361,21): warning C4244: 'initializing': conversion from 'double' to 'btScalar', possible loss of data
  (compiling source file 'CustomDebugDrawComponent.cpp')
  
D:\3DGraphicsProgrammFall2022\External\Bullet\BulletSoftBody\btSoftBody.h(1385,20): warning C4244: '=': conversion from 'double' to 'btScalar', possible loss of data
  (compiling source file 'CustomDebugDrawComponent.cpp')
  
D:\3DGraphicsProgrammFall2022\External\Bullet\BulletSoftBody\btSoftBody.h(1387,23): warning C4244: '=': conversion from 'double' to 'btScalar', possible loss of data
  (compiling source file 'CustomDebugDrawComponent.cpp')
  
D:\3DGraphicsProgrammFall2022\External\Bullet\BulletSoftBody\btSoftBody.h(1269,17): warning C4244: 'initializing': conversion from 'double' to 'btScalar', possible loss of data
  (compiling source file 'CustomDebugDrawComponent.cpp')
      D:\3DGraphicsProgrammFall2022\External\Bullet\BulletSoftBody\btSoftBody.h(1269,17):
      the template instantiation context (the oldest one first) is
          D:\3DGraphicsProgrammFall2022\External\Bullet\BulletSoftBody\btSoftBody.h(1303,4):
          see reference to function template instantiation 'void btSoftBody::updateFace<btDbvtNode>(DBVTNODE *,bool,bool)' being compiled
          with
          [
              DBVTNODE=btDbvtNode
          ]
  
  CustomDebugDrawDisplayService.cpp
D:\3DGraphicsProgrammFall2022\Framework\Graphics\Inc\AnimationUtil.h(3,10): warning C4067: unexpected tokens following preprocessor directive - expected a newline
  (compiling source file 'CustomDebugDrawDisplayService.cpp')
  
D:\3DGraphicsProgrammFall2022\External\Bullet\BulletSoftBody\btSoftBody.h(38,50): warning C4305: 'initializing': truncation from 'double' to 'btScalar'
  (compiling source file 'CustomDebugDrawDisplayService.cpp')
  
D:\3DGraphicsProgrammFall2022\External\Bullet\BulletSoftBody\btSoftBody.h(1232,17): warning C4244: 'initializing': conversion from 'double' to 'btScalar', possible loss of data
  (compiling source file 'CustomDebugDrawDisplayService.cpp')
  
D:\3DGraphicsProgrammFall2022\External\Bullet\BulletSoftBody\btSoftBody.h(1357,21): warning C4244: '+=': conversion from 'double' to 'btScalar', possible loss of data
  (compiling source file 'CustomDebugDrawDisplayService.cpp')
  
D:\3DGraphicsProgrammFall2022\External\Bullet\BulletSoftBody\btSoftBody.h(1361,21): warning C4244: 'initializing': conversion from 'double' to 'btScalar', possible loss of data
  (compiling source file 'CustomDebugDrawDisplayService.cpp')
  
D:\3DGraphicsProgrammFall2022\External\Bullet\BulletSoftBody\btSoftBody.h(1385,20): warning C4244: '=': conversion from 'double' to 'btScalar', possible loss of data
  (compiling source file 'CustomDebugDrawDisplayService.cpp')
  
D:\3DGraphicsProgrammFall2022\External\Bullet\BulletSoftBody\btSoftBody.h(1387,23): warning C4244: '=': conversion from 'double' to 'btScalar', possible loss of data
  (compiling source file 'CustomDebugDrawDisplayService.cpp')
  
D:\3DGraphicsProgrammFall2022\External\Bullet\BulletSoftBody\btSoftBody.h(1269,17): warning C4244: 'initializing': conversion from 'double' to 'btScalar', possible loss of data
  (compiling source file 'CustomDebugDrawDisplayService.cpp')
      D:\3DGraphicsProgrammFall2022\External\Bullet\BulletSoftBody\btSoftBody.h(1269,17):
      the template instantiation context (the oldest one first) is
          D:\3DGraphicsProgrammFall2022\External\Bullet\BulletSoftBody\btSoftBody.h(1303,4):
          see reference to function template instantiation 'void btSoftBody::updateFace<btDbvtNode>(DBVTNODE *,bool,bool)' being compiled
          with
          [
              DBVTNODE=btDbvtNode
          ]
  
  GameState.cpp
D:\3DGraphicsProgrammFall2022\Framework\Graphics\Inc\AnimationUtil.h(3,10): warning C4067: unexpected tokens following preprocessor directive - expected a newline
  (compiling source file 'GameState.cpp')
  
D:\3DGraphicsProgrammFall2022\External\Bullet\BulletSoftBody\btSoftBody.h(38,50): warning C4305: 'initializing': truncation from 'double' to 'btScalar'
  (compiling source file 'GameState.cpp')
  
D:\3DGraphicsProgrammFall2022\External\Bullet\BulletSoftBody\btSoftBody.h(1232,17): warning C4244: 'initializing': conversion from 'double' to 'btScalar', possible loss of data
  (compiling source file 'GameState.cpp')
  
D:\3DGraphicsProgrammFall2022\External\Bullet\BulletSoftBody\btSoftBody.h(1357,21): warning C4244: '+=': conversion from 'double' to 'btScalar', possible loss of data
  (compiling source file 'GameState.cpp')
  
D:\3DGraphicsProgrammFall2022\External\Bullet\BulletSoftBody\btSoftBody.h(1361,21): warning C4244: 'initializing': conversion from 'double' to 'btScalar', possible loss of data
  (compiling source file 'GameState.cpp')
  
D:\3DGraphicsProgrammFall2022\External\Bullet\BulletSoftBody\btSoftBody.h(1385,20): warning C4244: '=': conversion from 'double' to 'btScalar', possible loss of data
  (compiling source file 'GameState.cpp')
  
D:\3DGraphicsProgrammFall2022\External\Bullet\BulletSoftBody\btSoftBody.h(1387,23): warning C4244: '=': conversion from 'double' to 'btScalar', possible loss of data
  (compiling source file 'GameState.cpp')
  
D:\3DGraphicsProgrammFall2022\External\Bullet\BulletSoftBody\btSoftBody.h(1269,17): warning C4244: 'initializing': conversion from 'double' to 'btScalar', possible loss of data
  (compiling source file 'GameState.cpp')
      D:\3DGraphicsProgrammFall2022\External\Bullet\BulletSoftBody\btSoftBody.h(1269,17):
      the template instantiation context (the oldest one first) is
          D:\3DGraphicsProgrammFall2022\External\Bullet\BulletSoftBody\btSoftBody.h(1303,4):
          see reference to function template instantiation 'void btSoftBody::updateFace<btDbvtNode>(DBVTNODE *,bool,bool)' being compiled
          with
          [
              DBVTNODE=btDbvtNode
          ]
  
  WinMain.cpp
D:\3DGraphicsProgrammFall2022\Framework\Graphics\Inc\AnimationUtil.h(3,10): warning C4067: unexpected tokens following preprocessor directive - expected a newline
  (compiling source file 'WinMain.cpp')
  
D:\3DGraphicsProgrammFall2022\External\Bullet\BulletSoftBody\btSoftBody.h(38,50): warning C4305: 'initializing': truncation from 'double' to 'btScalar'
  (compiling source file 'WinMain.cpp')
  
D:\3DGraphicsProgrammFall2022\External\Bullet\BulletSoftBody\btSoftBody.h(1232,17): warning C4244: 'initializing': conversion from 'double' to 'btScalar', possible loss of data
  (compiling source file 'WinMain.cpp')
  
D:\3DGraphicsProgrammFall2022\External\Bullet\BulletSoftBody\btSoftBody.h(1357,21): warning C4244: '+=': conversion from 'double' to 'btScalar', possible loss of data
  (compiling source file 'WinMain.cpp')
  
D:\3DGraphicsProgrammFall2022\External\Bullet\BulletSoftBody\btSoftBody.h(1361,21): warning C4244: 'initializing': conversion from 'double' to 'btScalar', possible loss of data
  (compiling source file 'WinMain.cpp')
  
D:\3DGraphicsProgrammFall2022\External\Bullet\BulletSoftBody\btSoftBody.h(1385,20): warning C4244: '=': conversion from 'double' to 'btScalar', possible loss of data
  (compiling source file 'WinMain.cpp')
  
D:\3DGraphicsProgrammFall2022\External\Bullet\BulletSoftBody\btSoftBody.h(1387,23): warning C4244: '=': conversion from 'double' to 'btScalar', possible loss of data
  (compiling source file 'WinMain.cpp')
  
D:\3DGraphicsProgrammFall2022\External\Bullet\BulletSoftBody\btSoftBody.h(1269,17): warning C4244: 'initializing': conversion from 'double' to 'btScalar', possible loss of data
  (compiling source file 'WinMain.cpp')
      D:\3DGraphicsProgrammFall2022\External\Bullet\BulletSoftBody\btSoftBody.h(1269,17):
      the template instantiation context (the oldest one first) is
          D:\3DGraphicsProgrammFall2022\External\Bullet\BulletSoftBody\btSoftBody.h(1303,4):
          see reference to function template instantiation 'void btSoftBody::updateFace<btDbvtNode>(DBVTNODE *,bool,bool)' being compiled
          with
          [
              DBVTNODE=btDbvtNode
          ]
  
  Generating Code...
     Creating library D:\3DGraphicsProgrammFall2022\x64\Debug\25_HelloGameWorld.lib and object D:\3DGraphicsProgrammFall2022\x64\Debug\25_HelloGameWorld.exp
  25_HelloGameWorld.vcxproj -> D:\3DGraphicsProgrammFall2022\x64\Debug\25_HelloGameWorld.exe
