  Precompiled.cpp
D:\3DGraphicsProgrammFall2022\M\Framework\Math\Inc\Vector2.h(26,54): warning C4552: '+': result of expression not used
D:\3DGraphicsProgrammFall2022\M\Framework\Math\Inc\Vector2.h(26,65): warning C4552: '+': result of expression not used
D:\3DGraphicsProgrammFall2022\M\Framework\Math\Inc\Vector2.h(27,54): warning C4552: '-': result of expression not used
D:\3DGraphicsProgrammFall2022\M\Framework\Math\Inc\Vector2.h(27,65): warning C4552: '-': result of expression not used
D:\3DGraphicsProgrammFall2022\M\Framework\Math\Inc\Vector2.h(28,54): warning C4552: '*': result of expression not used
D:\3DGraphicsProgrammFall2022\M\Framework\Math\Inc\Vector2.h(28,65): warning C4552: '*': result of expression not used
D:\3DGraphicsProgrammFall2022\M\Framework\Math\Inc\Vector2.h(29,49): warning C4552: '*': result of expression not used
D:\3DGraphicsProgrammFall2022\M\Framework\Math\Inc\Vector2.h(29,56): warning C4552: '*': result of expression not used
D:\3DGraphicsProgrammFall2022\M\Framework\Math\Inc\Vector2.h(30,49): warning C4552: '/': result of expression not used
D:\3DGraphicsProgrammFall2022\M\Framework\Math\Inc\Vector2.h(30,56): warning C4552: '/': result of expression not used
  App.cpp
D:\3DGraphicsProgrammFall2022\M\Engine\M\Src\App.cpp(23,5): warning C4477: 'snprintf' : format string '%s' requires an argument of type 'char *', but variadic argument 1 has type 'double'
D:\3DGraphicsProgrammFall2022\M\Engine\M\Src\App.cpp(23,5): warning C4477: 'snprintf' : format string '%d' requires an argument of type 'int', but variadic argument 2 has type 'const char *'
D:\3DGraphicsProgrammFall2022\M\Engine\M\Src\App.cpp(23,5): warning C4313: 'snprintf': '%d' in format string conflicts with argument 2 of type 'const char *'
D:\3DGraphicsProgrammFall2022\M\Engine\M\Src\App.cpp(23,5): warning C4474: 'snprintf' : too many arguments passed for format string
D:\3DGraphicsProgrammFall2022\M\Engine\M\Src\App.cpp(23,5): message : placeholders and their parameters expect 2 variadic arguments, but 3 were provided
  AppState.cpp
  M.cpp
  Generating Code...
  M.vcxproj -> D:\3DGraphicsProgrammFall2022\M\x64\Debug\M.lib
