d:\3dgraphicsprogrammfall2022\vgp330\09_hellomodel\x64\debug\vc142.pdb
d:\3dgraphicsprogrammfall2022\vgp330\09_hellomodel\x64\debug\vc142.idb
d:\3dgraphicsprogrammfall2022\vgp330\09_hellomodel\x64\debug\winmain.obj
d:\3dgraphicsprogrammfall2022\vgp330\09_hellomodel\x64\debug\gamestate.obj
d:\3dgraphicsprogrammfall2022\x64\debug\09_hellomodel.pdb
d:\3dgraphicsprogrammfall2022\vgp330\09_hellomodel\x64\debug\09_hellomodel.tlog\cl.command.1.tlog
d:\3dgraphicsprogrammfall2022\vgp330\09_hellomodel\x64\debug\09_hellomodel.tlog\cl.read.1.tlog
d:\3dgraphicsprogrammfall2022\vgp330\09_hellomodel\x64\debug\09_hellomodel.tlog\cl.write.1.tlog
d:\3dgraphicsprogrammfall2022\vgp330\09_hellomodel\x64\debug\09_hellomodel.tlog\link-cvtres.read.1.tlog
d:\3dgraphicsprogrammfall2022\vgp330\09_hellomodel\x64\debug\09_hellomodel.tlog\link-cvtres.write.1.tlog
d:\3dgraphicsprogrammfall2022\vgp330\09_hellomodel\x64\debug\09_hellomodel.tlog\link-rc.read.1.tlog
d:\3dgraphicsprogrammfall2022\vgp330\09_hellomodel\x64\debug\09_hellomodel.tlog\link-rc.write.1.tlog
d:\3dgraphicsprogrammfall2022\vgp330\09_hellomodel\x64\debug\09_hellomodel.tlog\link.19864-cvtres.read.1.tlog
d:\3dgraphicsprogrammfall2022\vgp330\09_hellomodel\x64\debug\09_hellomodel.tlog\link.19864-cvtres.write.1.tlog
d:\3dgraphicsprogrammfall2022\vgp330\09_hellomodel\x64\debug\09_hellomodel.tlog\link.19864-rc.read.1.tlog
d:\3dgraphicsprogrammfall2022\vgp330\09_hellomodel\x64\debug\09_hellomodel.tlog\link.19864-rc.write.1.tlog
d:\3dgraphicsprogrammfall2022\vgp330\09_hellomodel\x64\debug\09_hellomodel.tlog\link.19864.read.1.tlog
d:\3dgraphicsprogrammfall2022\vgp330\09_hellomodel\x64\debug\09_hellomodel.tlog\link.19864.write.1.tlog
d:\3dgraphicsprogrammfall2022\vgp330\09_hellomodel\x64\debug\09_hellomodel.tlog\link.command.1.tlog
d:\3dgraphicsprogrammfall2022\vgp330\09_hellomodel\x64\debug\09_hellomodel.tlog\link.read.1.tlog
d:\3dgraphicsprogrammfall2022\vgp330\09_hellomodel\x64\debug\09_hellomodel.tlog\link.write.1.tlog
