  GraphicsSystem.cpp
D:\3DGraphicsProgrammFall2022\M\Framework\Graphics\Src\GraphicsSystem.cpp(34,5): warning C4477: 'snprintf' : format string '%s' requires an argument of type 'char *', but variadic argument 1 has type 'double'
D:\3DGraphicsProgrammFall2022\M\Framework\Graphics\Src\GraphicsSystem.cpp(34,5): warning C4477: 'snprintf' : format string '%d' requires an argument of type 'int', but variadic argument 2 has type 'const char *'
D:\3DGraphicsProgrammFall2022\M\Framework\Graphics\Src\GraphicsSystem.cpp(34,5): warning C4313: 'snprintf': '%d' in format string conflicts with argument 2 of type 'const char *'
D:\3DGraphicsProgrammFall2022\M\Framework\Graphics\Src\GraphicsSystem.cpp(34,5): warning C4474: 'snprintf' : too many arguments passed for format string
D:\3DGraphicsProgrammFall2022\M\Framework\Graphics\Src\GraphicsSystem.cpp(34,5): message : placeholders and their parameters expect 2 variadic arguments, but 3 were provided
D:\3DGraphicsProgrammFall2022\M\Framework\Graphics\Src\GraphicsSystem.cpp(50,5): warning C4477: 'snprintf' : format string '%s' requires an argument of type 'char *', but variadic argument 1 has type 'double'
D:\3DGraphicsProgrammFall2022\M\Framework\Graphics\Src\GraphicsSystem.cpp(50,5): warning C4477: 'snprintf' : format string '%d' requires an argument of type 'int', but variadic argument 2 has type 'const char *'
D:\3DGraphicsProgrammFall2022\M\Framework\Graphics\Src\GraphicsSystem.cpp(50,5): warning C4313: 'snprintf': '%d' in format string conflicts with argument 2 of type 'const char *'
D:\3DGraphicsProgrammFall2022\M\Framework\Graphics\Src\GraphicsSystem.cpp(50,5): warning C4474: 'snprintf' : too many arguments passed for format string
D:\3DGraphicsProgrammFall2022\M\Framework\Graphics\Src\GraphicsSystem.cpp(50,5): message : placeholders and their parameters expect 2 variadic arguments, but 3 were provided
D:\3DGraphicsProgrammFall2022\M\Framework\Graphics\Src\GraphicsSystem.cpp(56,5): warning C4477: 'snprintf' : format string '%s' requires an argument of type 'char *', but variadic argument 1 has type 'double'
D:\3DGraphicsProgrammFall2022\M\Framework\Graphics\Src\GraphicsSystem.cpp(56,5): warning C4477: 'snprintf' : format string '%d' requires an argument of type 'int', but variadic argument 2 has type 'const char *'
D:\3DGraphicsProgrammFall2022\M\Framework\Graphics\Src\GraphicsSystem.cpp(56,5): warning C4313: 'snprintf': '%d' in format string conflicts with argument 2 of type 'const char *'
D:\3DGraphicsProgrammFall2022\M\Framework\Graphics\Src\GraphicsSystem.cpp(56,5): warning C4474: 'snprintf' : too many arguments passed for format string
D:\3DGraphicsProgrammFall2022\M\Framework\Graphics\Src\GraphicsSystem.cpp(56,5): message : placeholders and their parameters expect 2 variadic arguments, but 3 were provided
D:\3DGraphicsProgrammFall2022\M\Framework\Graphics\Src\GraphicsSystem.cpp(78,31): warning C4805: '!=': unsafe mix of type 'BOOL' and type 'bool' in operation
D:\3DGraphicsProgrammFall2022\M\Framework\Graphics\Src\GraphicsSystem.cpp(78,28): warning C4552: '!=': result of expression not used
D:\3DGraphicsProgrammFall2022\M\Framework\Graphics\Src\GraphicsSystem.cpp(99,5): warning C4477: 'snprintf' : format string '%s' requires an argument of type 'char *', but variadic argument 1 has type 'double'
D:\3DGraphicsProgrammFall2022\M\Framework\Graphics\Src\GraphicsSystem.cpp(99,5): warning C4477: 'snprintf' : format string '%d' requires an argument of type 'int', but variadic argument 2 has type 'const char *'
D:\3DGraphicsProgrammFall2022\M\Framework\Graphics\Src\GraphicsSystem.cpp(99,5): warning C4313: 'snprintf': '%d' in format string conflicts with argument 2 of type 'const char *'
D:\3DGraphicsProgrammFall2022\M\Framework\Graphics\Src\GraphicsSystem.cpp(99,5): warning C4474: 'snprintf' : too many arguments passed for format string
D:\3DGraphicsProgrammFall2022\M\Framework\Graphics\Src\GraphicsSystem.cpp(99,5): message : placeholders and their parameters expect 2 variadic arguments, but 3 were provided
D:\3DGraphicsProgrammFall2022\M\Framework\Graphics\Src\GraphicsSystem.cpp(150,9): warning C4477: 'snprintf' : format string '%s' requires an argument of type 'char *', but variadic argument 1 has type 'double'
D:\3DGraphicsProgrammFall2022\M\Framework\Graphics\Src\GraphicsSystem.cpp(150,9): warning C4477: 'snprintf' : format string '%d' requires an argument of type 'int', but variadic argument 2 has type 'const char *'
D:\3DGraphicsProgrammFall2022\M\Framework\Graphics\Src\GraphicsSystem.cpp(150,9): warning C4313: 'snprintf': '%d' in format string conflicts with argument 2 of type 'const char *'
D:\3DGraphicsProgrammFall2022\M\Framework\Graphics\Src\GraphicsSystem.cpp(150,9): warning C4474: 'snprintf' : too many arguments passed for format string
D:\3DGraphicsProgrammFall2022\M\Framework\Graphics\Src\GraphicsSystem.cpp(150,9): message : placeholders and their parameters expect 2 variadic arguments, but 3 were provided
D:\3DGraphicsProgrammFall2022\M\Framework\Graphics\Src\GraphicsSystem.cpp(157,5): warning C4477: 'snprintf' : format string '%s' requires an argument of type 'char *', but variadic argument 1 has type 'double'
D:\3DGraphicsProgrammFall2022\M\Framework\Graphics\Src\GraphicsSystem.cpp(157,5): warning C4477: 'snprintf' : format string '%d' requires an argument of type 'int', but variadic argument 2 has type 'const char *'
D:\3DGraphicsProgrammFall2022\M\Framework\Graphics\Src\GraphicsSystem.cpp(157,5): warning C4313: 'snprintf': '%d' in format string conflicts with argument 2 of type 'const char *'
D:\3DGraphicsProgrammFall2022\M\Framework\Graphics\Src\GraphicsSystem.cpp(157,5): warning C4474: 'snprintf' : too many arguments passed for format string
D:\3DGraphicsProgrammFall2022\M\Framework\Graphics\Src\GraphicsSystem.cpp(157,5): message : placeholders and their parameters expect 2 variadic arguments, but 3 were provided
D:\3DGraphicsProgrammFall2022\M\Framework\Graphics\Src\GraphicsSystem.cpp(161,5): warning C4477: 'snprintf' : format string '%s' requires an argument of type 'char *', but variadic argument 1 has type 'double'
D:\3DGraphicsProgrammFall2022\M\Framework\Graphics\Src\GraphicsSystem.cpp(161,5): warning C4477: 'snprintf' : format string '%d' requires an argument of type 'int', but variadic argument 2 has type 'const char *'
D:\3DGraphicsProgrammFall2022\M\Framework\Graphics\Src\GraphicsSystem.cpp(161,5): warning C4313: 'snprintf': '%d' in format string conflicts with argument 2 of type 'const char *'
D:\3DGraphicsProgrammFall2022\M\Framework\Graphics\Src\GraphicsSystem.cpp(161,5): warning C4474: 'snprintf' : too many arguments passed for format string
D:\3DGraphicsProgrammFall2022\M\Framework\Graphics\Src\GraphicsSystem.cpp(161,5): message : placeholders and their parameters expect 2 variadic arguments, but 3 were provided
D:\3DGraphicsProgrammFall2022\M\Framework\Graphics\Src\GraphicsSystem.cpp(177,5): warning C4477: 'snprintf' : format string '%s' requires an argument of type 'char *', but variadic argument 1 has type 'double'
D:\3DGraphicsProgrammFall2022\M\Framework\Graphics\Src\GraphicsSystem.cpp(177,5): warning C4477: 'snprintf' : format string '%d' requires an argument of type 'int', but variadic argument 2 has type 'const char *'
D:\3DGraphicsProgrammFall2022\M\Framework\Graphics\Src\GraphicsSystem.cpp(177,5): warning C4313: 'snprintf': '%d' in format string conflicts with argument 2 of type 'const char *'
D:\3DGraphicsProgrammFall2022\M\Framework\Graphics\Src\GraphicsSystem.cpp(177,5): warning C4474: 'snprintf' : too many arguments passed for format string
D:\3DGraphicsProgrammFall2022\M\Framework\Graphics\Src\GraphicsSystem.cpp(177,5): message : placeholders and their parameters expect 2 variadic arguments, but 3 were provided
D:\3DGraphicsProgrammFall2022\M\Framework\Graphics\Src\GraphicsSystem.cpp(185,5): warning C4477: 'snprintf' : format string '%s' requires an argument of type 'char *', but variadic argument 1 has type 'double'
D:\3DGraphicsProgrammFall2022\M\Framework\Graphics\Src\GraphicsSystem.cpp(185,5): warning C4477: 'snprintf' : format string '%d' requires an argument of type 'int', but variadic argument 2 has type 'const char *'
D:\3DGraphicsProgrammFall2022\M\Framework\Graphics\Src\GraphicsSystem.cpp(185,5): warning C4313: 'snprintf': '%d' in format string conflicts with argument 2 of type 'const char *'
D:\3DGraphicsProgrammFall2022\M\Framework\Graphics\Src\GraphicsSystem.cpp(185,5): warning C4474: 'snprintf' : too many arguments passed for format string
D:\3DGraphicsProgrammFall2022\M\Framework\Graphics\Src\GraphicsSystem.cpp(185,5): message : placeholders and their parameters expect 2 variadic arguments, but 3 were provided
  Graphics.vcxproj -> D:\3DGraphicsProgrammFall2022\M\x64\Debug\Graphics.lib
