d:\3dgraphicsprogrammfall2022\framework\graphics\x64\debug\graphics.pch
d:\3dgraphicsprogrammfall2022\x64\debug\graphics.pdb
d:\3dgraphicsprogrammfall2022\x64\debug\graphics.idb
d:\3dgraphicsprogrammfall2022\framework\graphics\x64\debug\precompiled.obj
d:\3dgraphicsprogrammfall2022\framework\graphics\x64\debug\vertexshader.obj
d:\3dgraphicsprogrammfall2022\framework\graphics\x64\debug\texture.obj
d:\3dgraphicsprogrammfall2022\framework\graphics\x64\debug\standardeffect.obj
d:\3dgraphicsprogrammfall2022\framework\graphics\x64\debug\simpleeffect.obj
d:\3dgraphicsprogrammfall2022\framework\graphics\x64\debug\simpledraw.obj
d:\3dgraphicsprogrammfall2022\framework\graphics\x64\debug\sampler.obj
d:\3dgraphicsprogrammfall2022\framework\graphics\x64\debug\rendertarget.obj
d:\3dgraphicsprogrammfall2022\framework\graphics\x64\debug\pixelshader.obj
d:\3dgraphicsprogrammfall2022\framework\graphics\x64\debug\meshbuilder.obj
d:\3dgraphicsprogrammfall2022\framework\graphics\x64\debug\meshbuffer.obj
d:\3dgraphicsprogrammfall2022\framework\graphics\x64\debug\graphicssystem.obj
d:\3dgraphicsprogrammfall2022\framework\graphics\x64\debug\debugui.obj
d:\3dgraphicsprogrammfall2022\framework\graphics\x64\debug\constantbuffer.obj
d:\3dgraphicsprogrammfall2022\framework\graphics\x64\debug\camera.obj
d:\3dgraphicsprogrammfall2022\framework\graphics\x64\debug\blendstate.obj
d:\3dgraphicsprogrammfall2022\framework\graphics\x64\debug\texturemanager.obj
d:\3dgraphicsprogrammfall2022\x64\debug\graphics.lib
d:\3dgraphicsprogrammfall2022\framework\graphics\x64\debug\graphics.tlog\cl.command.1.tlog
d:\3dgraphicsprogrammfall2022\framework\graphics\x64\debug\graphics.tlog\cl.read.1.tlog
d:\3dgraphicsprogrammfall2022\framework\graphics\x64\debug\graphics.tlog\cl.write.1.tlog
d:\3dgraphicsprogrammfall2022\framework\graphics\x64\debug\graphics.tlog\lib-link.read.1.tlog
d:\3dgraphicsprogrammfall2022\framework\graphics\x64\debug\graphics.tlog\lib-link.write.1.tlog
d:\3dgraphicsprogrammfall2022\framework\graphics\x64\debug\graphics.tlog\lib.command.1.tlog
